=== REQUEST LOG [133ad994] ===
Timestamp: 2025-02-24T08:27:40.992Z
Method: GET
URL: http://localhost:4000/

=== HEADERS ===
host: localhost:4000
connection: keep-alive
cache-control: max-age=0
sec-ch-ua: "Not(A:Brand";v="99", "Google Chrome";v="133", "Chromium";v="133"
sec-ch-ua-mobile: ?0
sec-ch-ua-platform: "Windows"
upgrade-insecure-requests: 1
user-agent: Mozilla/5.0 (Windows NT 10.0; Win64; x64) AppleWebKit/537.36 (KHTML, like Gecko) Chrome/133.0.0.0 Safari/537.36
accept: text/html,application/xhtml+xml,application/xml;q=0.9,image/avif,image/webp,image/apng,*/*;q=0.8,application/signed-exchange;v=b3;q=0.7
sec-fetch-site: none
sec-fetch-mode: navigate
sec-fetch-user: ?1
sec-fetch-dest: document
accept-encoding: gzip, deflate, br, zstd
accept-language: fr-FR,fr;q=0.9,en-US;q=0.8,en;q=0.7

=== RESPONSE ===
Timestamp: 2025-02-24T08:27:41.003Z
Status Code: 404

=== RESPONSE BODY ===
{"error":"Route not found"}

=== RESPONSE ===
Timestamp: 2025-02-24T08:27:41.006Z
Status Code: 500

=== ERROR ===
Message: Cannot read properties of undefined (reading 'catch')
Stack: TypeError: Cannot read properties of undefined (reading 'catch')
    at res.end (file:///C:/Users/DWWM/Desktop/code/Back/node/exo11/server.js:72:66)
    at Server.<anonymous> (file:///C:/Users/DWWM/Desktop/code/Back/node/exo11/server.js:95:17)
    at process.processTicksAndRejections (node:internal/process/task_queues:105:5)
